2021年 10月 25日 月曜日 18:58:28 JST
python y2M_F.py -dn /home/oyabushun/data/piano_data/RWC_piano_data_all_n -dr /home/oyabushun/data/piano_data/RWC_piano_data_all_LPCSE1k19l21n64w1R1_oyabu1 -R 1 -ow 00 -S sm1:sm2:sm3 -D dol:re:mi:fa:so:ra:si:doh -L no:pe:st -fnerr '' -dbgi 0 -method LPCSE1,19,21,64,1 -dm /home/oyabushun/data/piano_data/RWC_piano_data_all_m -dl /home/oyabushun/data/piano_data/RWC_piano_data_all
lpc : The coefficient matrix of the normal equation is singular at 2th frame!
#start time:2021-10-25 18:58:28.551212
python f2b.py -fmt f -yin /home/oyabushun/data/piano_data/RWC_piano_data_all_m/sm1-dolno-R1.dat -yout tmp/tmp.flt && cat tmp/tmp.flt|frame -l 168 -p 84 |window -l 168 -w 1 |lpc -l 168 -m 19 > tmp/lpc.bin && cp tmp/lpc.bin /home/oyabushun/data/piano_data/RWC_piano_data_all_LPCSE1k19l21n64w1R1_oyabu1/sm1-dolno-R1-LPC.bin && python bin2txt.py -fn tmp/lpc.bin -k 20 | ../sh/LPC2M.sh > /home/oyabushun/data/piano_data/RWC_piano_data_all_LPCSE1k19l21n64w1R1_oyabu1/sm1-dolno-R1-M.dat && spec -l 64 -n 19 -p tmp/lpc.bin >tmp/lpcspec.bin && python bin2txt.py -fn tmp/lpcspec.bin -k 33 > /home/oyabushun/data/piano_data/RWC_piano_data_all_LPCSE1k19l21n64w1R1_oyabu1/sm1-dolno-R1-LPCSE1.dat
#/home/oyabushun/data/piano_data/RWC_piano_data_all_LPCSE1k19l21n64w1R1_oyabu1/sm1-dolno-R1-LPCSE1.dat created
lpc : The coefficient matrix of the normal equation is singular at 2th frame!
python f2b.py -fmt f -yin /home/oyabushun/data/piano_data/RWC_piano_data_all_m/sm1-dolpe-R1.dat -yout tmp/tmp.flt && cat tmp/tmp.flt|frame -l 168 -p 84 |window -l 168 -w 1 |lpc -l 168 -m 19 > tmp/lpc.bin && cp tmp/lpc.bin /home/oyabushun/data/piano_data/RWC_piano_data_all_LPCSE1k19l21n64w1R1_oyabu1/sm1-dolpe-R1-LPC.bin && python bin2txt.py -fn tmp/lpc.bin -k 20 | ../sh/LPC2M.sh > /home/oyabushun/data/piano_data/RWC_piano_data_all_LPCSE1k19l21n64w1R1_oyabu1/sm1-dolpe-R1-M.dat && spec -l 64 -n 19 -p tmp/lpc.bin >tmp/lpcspec.bin && python bin2txt.py -fn tmp/lpcspec.bin -k 33 > /home/oyabushun/data/piano_data/RWC_piano_data_all_LPCSE1k19l21n64w1R1_oyabu1/sm1-dolpe-R1-LPCSE1.dat
#/home/oyabushun/data/piano_data/RWC_piano_data_all_LPCSE1k19l21n64w1R1_oyabu1/sm1-dolpe-R1-LPCSE1.dat created
lpc : The coefficient matrix of the normal equation is singular at 2th frame!
python f2b.py -fmt f -yin /home/oyabushun/data/piano_data/RWC_piano_data_all_m/sm1-dolst-R1.dat -yout tmp/tmp.flt && cat tmp/tmp.flt|frame -l 168 -p 84 |window -l 168 -w 1 |lpc -l 168 -m 19 > tmp/lpc.bin && cp tmp/lpc.bin /home/oyabushun/data/piano_data/RWC_piano_data_all_LPCSE1k19l21n64w1R1_oyabu1/sm1-dolst-R1-LPC.bin && python bin2txt.py -fn tmp/lpc.bin -k 20 | ../sh/LPC2M.sh > /home/oyabushun/data/piano_data/RWC_piano_data_all_LPCSE1k19l21n64w1R1_oyabu1/sm1-dolst-R1-M.dat && spec -l 64 -n 19 -p tmp/lpc.bin >tmp/lpcspec.bin && python bin2txt.py -fn tmp/lpcspec.bin -k 33 > /home/oyabushun/data/piano_data/RWC_piano_data_all_LPCSE1k19l21n64w1R1_oyabu1/sm1-dolst-R1-LPCSE1.dat
#/home/oyabushun/data/piano_data/RWC_piano_data_all_LPCSE1k19l21n64w1R1_oyabu1/sm1-dolst-R1-LPCSE1.dat created
lpc : The coefficient matrix of the normal equation is singular at 2th frame!
python f2b.py -fmt f -yin /home/oyabushun/data/piano_data/RWC_piano_data_all_m/sm1-reno-R1.dat -yout tmp/tmp.flt && cat tmp/tmp.flt|frame -l 168 -p 84 |window -l 168 -w 1 |lpc -l 168 -m 19 > tmp/lpc.bin && cp tmp/lpc.bin /home/oyabushun/data/piano_data/RWC_piano_data_all_LPCSE1k19l21n64w1R1_oyabu1/sm1-reno-R1-LPC.bin && python bin2txt.py -fn tmp/lpc.bin -k 20 | ../sh/LPC2M.sh > /home/oyabushun/data/piano_data/RWC_piano_data_all_LPCSE1k19l21n64w1R1_oyabu1/sm1-reno-R1-M.dat && spec -l 64 -n 19 -p tmp/lpc.bin >tmp/lpcspec.bin && python bin2txt.py -fn tmp/lpcspec.bin -k 33 > /home/oyabushun/data/piano_data/RWC_piano_data_all_LPCSE1k19l21n64w1R1_oyabu1/sm1-reno-R1-LPCSE1.dat
#/home/oyabushun/data/piano_data/RWC_piano_data_all_LPCSE1k19l21n64w1R1_oyabu1/sm1-reno-R1-LPCSE1.dat created
lpc : The coefficient matrix of the normal equation is singular at 2th frame!
python f2b.py -fmt f -yin /home/oyabushun/data/piano_data/RWC_piano_data_all_m/sm1-repe-R1.dat -yout tmp/tmp.flt && cat tmp/tmp.flt|frame -l 168 -p 84 |window -l 168 -w 1 |lpc -l 168 -m 19 > tmp/lpc.bin && cp tmp/lpc.bin /home/oyabushun/data/piano_data/RWC_piano_data_all_LPCSE1k19l21n64w1R1_oyabu1/sm1-repe-R1-LPC.bin && python bin2txt.py -fn tmp/lpc.bin -k 20 | ../sh/LPC2M.sh > /home/oyabushun/data/piano_data/RWC_piano_data_all_LPCSE1k19l21n64w1R1_oyabu1/sm1-repe-R1-M.dat && spec -l 64 -n 19 -p tmp/lpc.bin >tmp/lpcspec.bin && python bin2txt.py -fn tmp/lpcspec.bin -k 33 > /home/oyabushun/data/piano_data/RWC_piano_data_all_LPCSE1k19l21n64w1R1_oyabu1/sm1-repe-R1-LPCSE1.dat
#/home/oyabushun/data/piano_data/RWC_piano_data_all_LPCSE1k19l21n64w1R1_oyabu1/sm1-repe-R1-LPCSE1.dat created
lpc : The coefficient matrix of the normal equation is singular at 2th frame!
python f2b.py -fmt f -yin /home/oyabushun/data/piano_data/RWC_piano_data_all_m/sm1-rest-R1.dat -yout tmp/tmp.flt && cat tmp/tmp.flt|frame -l 168 -p 84 |window -l 168 -w 1 |lpc -l 168 -m 19 > tmp/lpc.bin && cp tmp/lpc.bin /home/oyabushun/data/piano_data/RWC_piano_data_all_LPCSE1k19l21n64w1R1_oyabu1/sm1-rest-R1-LPC.bin && python bin2txt.py -fn tmp/lpc.bin -k 20 | ../sh/LPC2M.sh > /home/oyabushun/data/piano_data/RWC_piano_data_all_LPCSE1k19l21n64w1R1_oyabu1/sm1-rest-R1-M.dat && spec -l 64 -n 19 -p tmp/lpc.bin >tmp/lpcspec.bin && python bin2txt.py -fn tmp/lpcspec.bin -k 33 > /home/oyabushun/data/piano_data/RWC_piano_data_all_LPCSE1k19l21n64w1R1_oyabu1/sm1-rest-R1-LPCSE1.dat
#/home/oyabushun/data/piano_data/RWC_piano_data_all_LPCSE1k19l21n64w1R1_oyabu1/sm1-rest-R1-LPCSE1.dat created
lpc : The coefficient matrix of the normal equation is singular at 2th frame!
python f2b.py -fmt f -yin /home/oyabushun/data/piano_data/RWC_piano_data_all_m/sm1-mino-R1.dat -yout tmp/tmp.flt && cat tmp/tmp.flt|frame -l 168 -p 84 |window -l 168 -w 1 |lpc -l 168 -m 19 > tmp/lpc.bin && cp tmp/lpc.bin /home/oyabushun/data/piano_data/RWC_piano_data_all_LPCSE1k19l21n64w1R1_oyabu1/sm1-mino-R1-LPC.bin && python bin2txt.py -fn tmp/lpc.bin -k 20 | ../sh/LPC2M.sh > /home/oyabushun/data/piano_data/RWC_piano_data_all_LPCSE1k19l21n64w1R1_oyabu1/sm1-mino-R1-M.dat && spec -l 64 -n 19 -p tmp/lpc.bin >tmp/lpcspec.bin && python bin2txt.py -fn tmp/lpcspec.bin -k 33 > /home/oyabushun/data/piano_data/RWC_piano_data_all_LPCSE1k19l21n64w1R1_oyabu1/sm1-mino-R1-LPCSE1.dat
#/home/oyabushun/data/piano_data/RWC_piano_data_all_LPCSE1k19l21n64w1R1_oyabu1/sm1-mino-R1-LPCSE1.dat created
lpc : The coefficient matrix of the normal equation is singular at 2th frame!
python f2b.py -fmt f -yin /home/oyabushun/data/piano_data/RWC_piano_data_all_m/sm1-mipe-R1.dat -yout tmp/tmp.flt && cat tmp/tmp.flt|frame -l 168 -p 84 |window -l 168 -w 1 |lpc -l 168 -m 19 > tmp/lpc.bin && cp tmp/lpc.bin /home/oyabushun/data/piano_data/RWC_piano_data_all_LPCSE1k19l21n64w1R1_oyabu1/sm1-mipe-R1-LPC.bin && python bin2txt.py -fn tmp/lpc.bin -k 20 | ../sh/LPC2M.sh > /home/oyabushun/data/piano_data/RWC_piano_data_all_LPCSE1k19l21n64w1R1_oyabu1/sm1-mipe-R1-M.dat && spec -l 64 -n 19 -p tmp/lpc.bin >tmp/lpcspec.bin && python bin2txt.py -fn tmp/lpcspec.bin -k 33 > /home/oyabushun/data/piano_data/RWC_piano_data_all_LPCSE1k19l21n64w1R1_oyabu1/sm1-mipe-R1-LPCSE1.dat
#/home/oyabushun/data/piano_data/RWC_piano_data_all_LPCSE1k19l21n64w1R1_oyabu1/sm1-mipe-R1-LPCSE1.dat created
lpc : The coefficient matrix of the normal equation is singular at 2th frame!
python f2b.py -fmt f -yin /home/oyabushun/data/piano_data/RWC_piano_data_all_m/sm1-mist-R1.dat -yout tmp/tmp.flt && cat tmp/tmp.flt|frame -l 168 -p 84 |window -l 168 -w 1 |lpc -l 168 -m 19 > tmp/lpc.bin && cp tmp/lpc.bin /home/oyabushun/data/piano_data/RWC_piano_data_all_LPCSE1k19l21n64w1R1_oyabu1/sm1-mist-R1-LPC.bin && python bin2txt.py -fn tmp/lpc.bin -k 20 | ../sh/LPC2M.sh > /home/oyabushun/data/piano_data/RWC_piano_data_all_LPCSE1k19l21n64w1R1_oyabu1/sm1-mist-R1-M.dat && spec -l 64 -n 19 -p tmp/lpc.bin >tmp/lpcspec.bin && python bin2txt.py -fn tmp/lpcspec.bin -k 33 > /home/oyabushun/data/piano_data/RWC_piano_data_all_LPCSE1k19l21n64w1R1_oyabu1/sm1-mist-R1-LPCSE1.dat
#/home/oyabushun/data/piano_data/RWC_piano_data_all_LPCSE1k19l21n64w1R1_oyabu1/sm1-mist-R1-LPCSE1.dat created
lpc : The coefficient matrix of the normal equation is singular at 2th frame!
python f2b.py -fmt f -yin /home/oyabushun/data/piano_data/RWC_piano_data_all_m/sm1-fano-R1.dat -yout tmp/tmp.flt && cat tmp/tmp.flt|frame -l 168 -p 84 |window -l 168 -w 1 |lpc -l 168 -m 19 > tmp/lpc.bin && cp tmp/lpc.bin /home/oyabushun/data/piano_data/RWC_piano_data_all_LPCSE1k19l21n64w1R1_oyabu1/sm1-fano-R1-LPC.bin && python bin2txt.py -fn tmp/lpc.bin -k 20 | ../sh/LPC2M.sh > /home/oyabushun/data/piano_data/RWC_piano_data_all_LPCSE1k19l21n64w1R1_oyabu1/sm1-fano-R1-M.dat && spec -l 64 -n 19 -p tmp/lpc.bin >tmp/lpcspec.bin && python bin2txt.py -fn tmp/lpcspec.bin -k 33 > /home/oyabushun/data/piano_data/RWC_piano_data_all_LPCSE1k19l21n64w1R1_oyabu1/sm1-fano-R1-LPCSE1.dat
#/home/oyabushun/data/piano_data/RWC_piano_data_all_LPCSE1k19l21n64w1R1_oyabu1/sm1-fano-R1-LPCSE1.dat created
lpc : The coefficient matrix of the normal equation is singular at 2th frame!
python f2b.py -fmt f -yin /home/oyabushun/data/piano_data/RWC_piano_data_all_m/sm1-fape-R1.dat -yout tmp/tmp.flt && cat tmp/tmp.flt|frame -l 168 -p 84 |window -l 168 -w 1 |lpc -l 168 -m 19 > tmp/lpc.bin && cp tmp/lpc.bin /home/oyabushun/data/piano_data/RWC_piano_data_all_LPCSE1k19l21n64w1R1_oyabu1/sm1-fape-R1-LPC.bin && python bin2txt.py -fn tmp/lpc.bin -k 20 | ../sh/LPC2M.sh > /home/oyabushun/data/piano_data/RWC_piano_data_all_LPCSE1k19l21n64w1R1_oyabu1/sm1-fape-R1-M.dat && spec -l 64 -n 19 -p tmp/lpc.bin >tmp/lpcspec.bin && python bin2txt.py -fn tmp/lpcspec.bin -k 33 > /home/oyabushun/data/piano_data/RWC_piano_data_all_LPCSE1k19l21n64w1R1_oyabu1/sm1-fape-R1-LPCSE1.dat
#/home/oyabushun/data/piano_data/RWC_piano_data_all_LPCSE1k19l21n64w1R1_oyabu1/sm1-fape-R1-LPCSE1.dat created
lpc : The coefficient matrix of the normal equation is singular at 2th frame!
python f2b.py -fmt f -yin /home/oyabushun/data/piano_data/RWC_piano_data_all_m/sm1-fast-R1.dat -yout tmp/tmp.flt && cat tmp/tmp.flt|frame -l 168 -p 84 |window -l 168 -w 1 |lpc -l 168 -m 19 > tmp/lpc.bin && cp tmp/lpc.bin /home/oyabushun/data/piano_data/RWC_piano_data_all_LPCSE1k19l21n64w1R1_oyabu1/sm1-fast-R1-LPC.bin && python bin2txt.py -fn tmp/lpc.bin -k 20 | ../sh/LPC2M.sh > /home/oyabushun/data/piano_data/RWC_piano_data_all_LPCSE1k19l21n64w1R1_oyabu1/sm1-fast-R1-M.dat && spec -l 64 -n 19 -p tmp/lpc.bin >tmp/lpcspec.bin && python bin2txt.py -fn tmp/lpcspec.bin -k 33 > /home/oyabushun/data/piano_data/RWC_piano_data_all_LPCSE1k19l21n64w1R1_oyabu1/sm1-fast-R1-LPCSE1.dat
#/home/oyabushun/data/piano_data/RWC_piano_data_all_LPCSE1k19l21n64w1R1_oyabu1/sm1-fast-R1-LPCSE1.dat created
lpc : The coefficient matrix of the normal equation is singular at 2th frame!
python f2b.py -fmt f -yin /home/oyabushun/data/piano_data/RWC_piano_data_all_m/sm1-sono-R1.dat -yout tmp/tmp.flt && cat tmp/tmp.flt|frame -l 168 -p 84 |window -l 168 -w 1 |lpc -l 168 -m 19 > tmp/lpc.bin && cp tmp/lpc.bin /home/oyabushun/data/piano_data/RWC_piano_data_all_LPCSE1k19l21n64w1R1_oyabu1/sm1-sono-R1-LPC.bin && python bin2txt.py -fn tmp/lpc.bin -k 20 | ../sh/LPC2M.sh > /home/oyabushun/data/piano_data/RWC_piano_data_all_LPCSE1k19l21n64w1R1_oyabu1/sm1-sono-R1-M.dat && spec -l 64 -n 19 -p tmp/lpc.bin >tmp/lpcspec.bin && python bin2txt.py -fn tmp/lpcspec.bin -k 33 > /home/oyabushun/data/piano_data/RWC_piano_data_all_LPCSE1k19l21n64w1R1_oyabu1/sm1-sono-R1-LPCSE1.dat
#/home/oyabushun/data/piano_data/RWC_piano_data_all_LPCSE1k19l21n64w1R1_oyabu1/sm1-sono-R1-LPCSE1.dat created
lpc : The coefficient matrix of the normal equation is singular at 2th frame!
python f2b.py -fmt f -yin /home/oyabushun/data/piano_data/RWC_piano_data_all_m/sm1-sope-R1.dat -yout tmp/tmp.flt && cat tmp/tmp.flt|frame -l 168 -p 84 |window -l 168 -w 1 |lpc -l 168 -m 19 > tmp/lpc.bin && cp tmp/lpc.bin /home/oyabushun/data/piano_data/RWC_piano_data_all_LPCSE1k19l21n64w1R1_oyabu1/sm1-sope-R1-LPC.bin && python bin2txt.py -fn tmp/lpc.bin -k 20 | ../sh/LPC2M.sh > /home/oyabushun/data/piano_data/RWC_piano_data_all_LPCSE1k19l21n64w1R1_oyabu1/sm1-sope-R1-M.dat && spec -l 64 -n 19 -p tmp/lpc.bin >tmp/lpcspec.bin && python bin2txt.py -fn tmp/lpcspec.bin -k 33 > /home/oyabushun/data/piano_data/RWC_piano_data_all_LPCSE1k19l21n64w1R1_oyabu1/sm1-sope-R1-LPCSE1.dat
#/home/oyabushun/data/piano_data/RWC_piano_data_all_LPCSE1k19l21n64w1R1_oyabu1/sm1-sope-R1-LPCSE1.dat created
lpc : The coefficient matrix of the normal equation is singular at 2th frame!
python f2b.py -fmt f -yin /home/oyabushun/data/piano_data/RWC_piano_data_all_m/sm1-sost-R1.dat -yout tmp/tmp.flt && cat tmp/tmp.flt|frame -l 168 -p 84 |window -l 168 -w 1 |lpc -l 168 -m 19 > tmp/lpc.bin && cp tmp/lpc.bin /home/oyabushun/data/piano_data/RWC_piano_data_all_LPCSE1k19l21n64w1R1_oyabu1/sm1-sost-R1-LPC.bin && python bin2txt.py -fn tmp/lpc.bin -k 20 | ../sh/LPC2M.sh > /home/oyabushun/data/piano_data/RWC_piano_data_all_LPCSE1k19l21n64w1R1_oyabu1/sm1-sost-R1-M.dat && spec -l 64 -n 19 -p tmp/lpc.bin >tmp/lpcspec.bin && python bin2txt.py -fn tmp/lpcspec.bin -k 33 > /home/oyabushun/data/piano_data/RWC_piano_data_all_LPCSE1k19l21n64w1R1_oyabu1/sm1-sost-R1-LPCSE1.dat
#/home/oyabushun/data/piano_data/RWC_piano_data_all_LPCSE1k19l21n64w1R1_oyabu1/sm1-sost-R1-LPCSE1.dat created
lpc : The coefficient matrix of the normal equation is singular at 2th frame!
python f2b.py -fmt f -yin /home/oyabushun/data/piano_data/RWC_piano_data_all_m/sm1-rano-R1.dat -yout tmp/tmp.flt && cat tmp/tmp.flt|frame -l 168 -p 84 |window -l 168 -w 1 |lpc -l 168 -m 19 > tmp/lpc.bin && cp tmp/lpc.bin /home/oyabushun/data/piano_data/RWC_piano_data_all_LPCSE1k19l21n64w1R1_oyabu1/sm1-rano-R1-LPC.bin && python bin2txt.py -fn tmp/lpc.bin -k 20 | ../sh/LPC2M.sh > /home/oyabushun/data/piano_data/RWC_piano_data_all_LPCSE1k19l21n64w1R1_oyabu1/sm1-rano-R1-M.dat && spec -l 64 -n 19 -p tmp/lpc.bin >tmp/lpcspec.bin && python bin2txt.py -fn tmp/lpcspec.bin -k 33 > /home/oyabushun/data/piano_data/RWC_piano_data_all_LPCSE1k19l21n64w1R1_oyabu1/sm1-rano-R1-LPCSE1.dat
#/home/oyabushun/data/piano_data/RWC_piano_data_all_LPCSE1k19l21n64w1R1_oyabu1/sm1-rano-R1-LPCSE1.dat created
lpc : The coefficient matrix of the normal equation is singular at 2th frame!
python f2b.py -fmt f -yin /home/oyabushun/data/piano_data/RWC_piano_data_all_m/sm1-rape-R1.dat -yout tmp/tmp.flt && cat tmp/tmp.flt|frame -l 168 -p 84 |window -l 168 -w 1 |lpc -l 168 -m 19 > tmp/lpc.bin && cp tmp/lpc.bin /home/oyabushun/data/piano_data/RWC_piano_data_all_LPCSE1k19l21n64w1R1_oyabu1/sm1-rape-R1-LPC.bin && python bin2txt.py -fn tmp/lpc.bin -k 20 | ../sh/LPC2M.sh > /home/oyabushun/data/piano_data/RWC_piano_data_all_LPCSE1k19l21n64w1R1_oyabu1/sm1-rape-R1-M.dat && spec -l 64 -n 19 -p tmp/lpc.bin >tmp/lpcspec.bin && python bin2txt.py -fn tmp/lpcspec.bin -k 33 > /home/oyabushun/data/piano_data/RWC_piano_data_all_LPCSE1k19l21n64w1R1_oyabu1/sm1-rape-R1-LPCSE1.dat
#/home/oyabushun/data/piano_data/RWC_piano_data_all_LPCSE1k19l21n64w1R1_oyabu1/sm1-rape-R1-LPCSE1.dat created
lpc : The coefficient matrix of the normal equation is singular at 2th frame!
python f2b.py -fmt f -yin /home/oyabushun/data/piano_data/RWC_piano_data_all_m/sm1-rast-R1.dat -yout tmp/tmp.flt && cat tmp/tmp.flt|frame -l 168 -p 84 |window -l 168 -w 1 |lpc -l 168 -m 19 > tmp/lpc.bin && cp tmp/lpc.bin /home/oyabushun/data/piano_data/RWC_piano_data_all_LPCSE1k19l21n64w1R1_oyabu1/sm1-rast-R1-LPC.bin && python bin2txt.py -fn tmp/lpc.bin -k 20 | ../sh/LPC2M.sh > /home/oyabushun/data/piano_data/RWC_piano_data_all_LPCSE1k19l21n64w1R1_oyabu1/sm1-rast-R1-M.dat && spec -l 64 -n 19 -p tmp/lpc.bin >tmp/lpcspec.bin && python bin2txt.py -fn tmp/lpcspec.bin -k 33 > /home/oyabushun/data/piano_data/RWC_piano_data_all_LPCSE1k19l21n64w1R1_oyabu1/sm1-rast-R1-LPCSE1.dat
#/home/oyabushun/data/piano_data/RWC_piano_data_all_LPCSE1k19l21n64w1R1_oyabu1/sm1-rast-R1-LPCSE1.dat created
python f2b.py -fmt f -yin /home/oyabushun/data/piano_data/RWC_piano_data_all_m/sm1-sino-R1.dat -yout tmp/tmp.flt && cat tmp/tmp.flt|frame -l 168 -p 84 |window -l 168 -w 1 |lpc -l 168 -m 19 > tmp/lpc.bin && cp tmp/lpc.bin /home/oyabushun/data/piano_data/RWC_piano_data_all_LPCSE1k19l21n64w1R1_oyabu1/sm1-sino-R1-LPC.bin && python bin2txt.py -fn tmp/lpc.bin -k 20 | ../sh/LPC2M.sh > /home/oyabushun/data/piano_data/RWC_piano_data_all_LPCSE1k19l21n64w1R1_oyabu1/sm1-sino-R1-M.dat && spec -l 64 -n 19 -p tmp/lpc.bin >tmp/lpcspec.bin && python bin2txt.py -fn tmp/lpcspec.bin -k 33 > /home/oyabushun/data/piano_data/RWC_piano_data_all_LPCSE1k19l21n64w1R1_oyabu1/sm1-sino-R1-LPCSE1.dat
#/home/oyabushun/data/piano_data/RWC_piano_data_all_LPCSE1k19l21n64w1R1_oyabu1/sm1-sino-R1-LPCSE1.dat created
lpc : The coefficient matrix of the normal equation is singular at 2th frame!
python f2b.py -fmt f -yin /home/oyabushun/data/piano_data/RWC_piano_data_all_m/sm1-sipe-R1.dat -yout tmp/tmp.flt && cat tmp/tmp.flt|frame -l 168 -p 84 |window -l 168 -w 1 |lpc -l 168 -m 19 > tmp/lpc.bin && cp tmp/lpc.bin /home/oyabushun/data/piano_data/RWC_piano_data_all_LPCSE1k19l21n64w1R1_oyabu1/sm1-sipe-R1-LPC.bin && python bin2txt.py -fn tmp/lpc.bin -k 20 | ../sh/LPC2M.sh > /home/oyabushun/data/piano_data/RWC_piano_data_all_LPCSE1k19l21n64w1R1_oyabu1/sm1-sipe-R1-M.dat && spec -l 64 -n 19 -p tmp/lpc.bin >tmp/lpcspec.bin && python bin2txt.py -fn tmp/lpcspec.bin -k 33 > /home/oyabushun/data/piano_data/RWC_piano_data_all_LPCSE1k19l21n64w1R1_oyabu1/sm1-sipe-R1-LPCSE1.dat
#/home/oyabushun/data/piano_data/RWC_piano_data_all_LPCSE1k19l21n64w1R1_oyabu1/sm1-sipe-R1-LPCSE1.dat created
lpc : The coefficient matrix of the normal equation is singular at 2th frame!
python f2b.py -fmt f -yin /home/oyabushun/data/piano_data/RWC_piano_data_all_m/sm1-sist-R1.dat -yout tmp/tmp.flt && cat tmp/tmp.flt|frame -l 168 -p 84 |window -l 168 -w 1 |lpc -l 168 -m 19 > tmp/lpc.bin && cp tmp/lpc.bin /home/oyabushun/data/piano_data/RWC_piano_data_all_LPCSE1k19l21n64w1R1_oyabu1/sm1-sist-R1-LPC.bin && python bin2txt.py -fn tmp/lpc.bin -k 20 | ../sh/LPC2M.sh > /home/oyabushun/data/piano_data/RWC_piano_data_all_LPCSE1k19l21n64w1R1_oyabu1/sm1-sist-R1-M.dat && spec -l 64 -n 19 -p tmp/lpc.bin >tmp/lpcspec.bin && python bin2txt.py -fn tmp/lpcspec.bin -k 33 > /home/oyabushun/data/piano_data/RWC_piano_data_all_LPCSE1k19l21n64w1R1_oyabu1/sm1-sist-R1-LPCSE1.dat
#/home/oyabushun/data/piano_data/RWC_piano_data_all_LPCSE1k19l21n64w1R1_oyabu1/sm1-sist-R1-LPCSE1.dat created
lpc : The coefficient matrix of the normal equation is singular at 2th frame!
python f2b.py -fmt f -yin /home/oyabushun/data/piano_data/RWC_piano_data_all_m/sm1-dohno-R1.dat -yout tmp/tmp.flt && cat tmp/tmp.flt|frame -l 168 -p 84 |window -l 168 -w 1 |lpc -l 168 -m 19 > tmp/lpc.bin && cp tmp/lpc.bin /home/oyabushun/data/piano_data/RWC_piano_data_all_LPCSE1k19l21n64w1R1_oyabu1/sm1-dohno-R1-LPC.bin && python bin2txt.py -fn tmp/lpc.bin -k 20 | ../sh/LPC2M.sh > /home/oyabushun/data/piano_data/RWC_piano_data_all_LPCSE1k19l21n64w1R1_oyabu1/sm1-dohno-R1-M.dat && spec -l 64 -n 19 -p tmp/lpc.bin >tmp/lpcspec.bin && python bin2txt.py -fn tmp/lpcspec.bin -k 33 > /home/oyabushun/data/piano_data/RWC_piano_data_all_LPCSE1k19l21n64w1R1_oyabu1/sm1-dohno-R1-LPCSE1.dat
#/home/oyabushun/data/piano_data/RWC_piano_data_all_LPCSE1k19l21n64w1R1_oyabu1/sm1-dohno-R1-LPCSE1.dat created
lpc : The coefficient matrix of the normal equation is singular at 2th frame!
python f2b.py -fmt f -yin /home/oyabushun/data/piano_data/RWC_piano_data_all_m/sm1-dohpe-R1.dat -yout tmp/tmp.flt && cat tmp/tmp.flt|frame -l 168 -p 84 |window -l 168 -w 1 |lpc -l 168 -m 19 > tmp/lpc.bin && cp tmp/lpc.bin /home/oyabushun/data/piano_data/RWC_piano_data_all_LPCSE1k19l21n64w1R1_oyabu1/sm1-dohpe-R1-LPC.bin && python bin2txt.py -fn tmp/lpc.bin -k 20 | ../sh/LPC2M.sh > /home/oyabushun/data/piano_data/RWC_piano_data_all_LPCSE1k19l21n64w1R1_oyabu1/sm1-dohpe-R1-M.dat && spec -l 64 -n 19 -p tmp/lpc.bin >tmp/lpcspec.bin && python bin2txt.py -fn tmp/lpcspec.bin -k 33 > /home/oyabushun/data/piano_data/RWC_piano_data_all_LPCSE1k19l21n64w1R1_oyabu1/sm1-dohpe-R1-LPCSE1.dat
#/home/oyabushun/data/piano_data/RWC_piano_data_all_LPCSE1k19l21n64w1R1_oyabu1/sm1-dohpe-R1-LPCSE1.dat created
lpc : The coefficient matrix of the normal equation is singular at 2th frame!
python f2b.py -fmt f -yin /home/oyabushun/data/piano_data/RWC_piano_data_all_m/sm1-dohst-R1.dat -yout tmp/tmp.flt && cat tmp/tmp.flt|frame -l 168 -p 84 |window -l 168 -w 1 |lpc -l 168 -m 19 > tmp/lpc.bin && cp tmp/lpc.bin /home/oyabushun/data/piano_data/RWC_piano_data_all_LPCSE1k19l21n64w1R1_oyabu1/sm1-dohst-R1-LPC.bin && python bin2txt.py -fn tmp/lpc.bin -k 20 | ../sh/LPC2M.sh > /home/oyabushun/data/piano_data/RWC_piano_data_all_LPCSE1k19l21n64w1R1_oyabu1/sm1-dohst-R1-M.dat && spec -l 64 -n 19 -p tmp/lpc.bin >tmp/lpcspec.bin && python bin2txt.py -fn tmp/lpcspec.bin -k 33 > /home/oyabushun/data/piano_data/RWC_piano_data_all_LPCSE1k19l21n64w1R1_oyabu1/sm1-dohst-R1-LPCSE1.dat
#/home/oyabushun/data/piano_data/RWC_piano_data_all_LPCSE1k19l21n64w1R1_oyabu1/sm1-dohst-R1-LPCSE1.dat created
lpc : The coefficient matrix of the normal equation is singular at 2th frame!
python f2b.py -fmt f -yin /home/oyabushun/data/piano_data/RWC_piano_data_all_m/sm2-dolno-R1.dat -yout tmp/tmp.flt && cat tmp/tmp.flt|frame -l 168 -p 84 |window -l 168 -w 1 |lpc -l 168 -m 19 > tmp/lpc.bin && cp tmp/lpc.bin /home/oyabushun/data/piano_data/RWC_piano_data_all_LPCSE1k19l21n64w1R1_oyabu1/sm2-dolno-R1-LPC.bin && python bin2txt.py -fn tmp/lpc.bin -k 20 | ../sh/LPC2M.sh > /home/oyabushun/data/piano_data/RWC_piano_data_all_LPCSE1k19l21n64w1R1_oyabu1/sm2-dolno-R1-M.dat && spec -l 64 -n 19 -p tmp/lpc.bin >tmp/lpcspec.bin && python bin2txt.py -fn tmp/lpcspec.bin -k 33 > /home/oyabushun/data/piano_data/RWC_piano_data_all_LPCSE1k19l21n64w1R1_oyabu1/sm2-dolno-R1-LPCSE1.dat
#/home/oyabushun/data/piano_data/RWC_piano_data_all_LPCSE1k19l21n64w1R1_oyabu1/sm2-dolno-R1-LPCSE1.dat created
lpc : The coefficient matrix of the normal equation is singular at 2th frame!
python f2b.py -fmt f -yin /home/oyabushun/data/piano_data/RWC_piano_data_all_m/sm2-dolpe-R1.dat -yout tmp/tmp.flt && cat tmp/tmp.flt|frame -l 168 -p 84 |window -l 168 -w 1 |lpc -l 168 -m 19 > tmp/lpc.bin && cp tmp/lpc.bin /home/oyabushun/data/piano_data/RWC_piano_data_all_LPCSE1k19l21n64w1R1_oyabu1/sm2-dolpe-R1-LPC.bin && python bin2txt.py -fn tmp/lpc.bin -k 20 | ../sh/LPC2M.sh > /home/oyabushun/data/piano_data/RWC_piano_data_all_LPCSE1k19l21n64w1R1_oyabu1/sm2-dolpe-R1-M.dat && spec -l 64 -n 19 -p tmp/lpc.bin >tmp/lpcspec.bin && python bin2txt.py -fn tmp/lpcspec.bin -k 33 > /home/oyabushun/data/piano_data/RWC_piano_data_all_LPCSE1k19l21n64w1R1_oyabu1/sm2-dolpe-R1-LPCSE1.dat
#/home/oyabushun/data/piano_data/RWC_piano_data_all_LPCSE1k19l21n64w1R1_oyabu1/sm2-dolpe-R1-LPCSE1.dat created
lpc : The coefficient matrix of the normal equation is singular at 2th frame!
python f2b.py -fmt f -yin /home/oyabushun/data/piano_data/RWC_piano_data_all_m/sm2-dolst-R1.dat -yout tmp/tmp.flt && cat tmp/tmp.flt|frame -l 168 -p 84 |window -l 168 -w 1 |lpc -l 168 -m 19 > tmp/lpc.bin && cp tmp/lpc.bin /home/oyabushun/data/piano_data/RWC_piano_data_all_LPCSE1k19l21n64w1R1_oyabu1/sm2-dolst-R1-LPC.bin && python bin2txt.py -fn tmp/lpc.bin -k 20 | ../sh/LPC2M.sh > /home/oyabushun/data/piano_data/RWC_piano_data_all_LPCSE1k19l21n64w1R1_oyabu1/sm2-dolst-R1-M.dat && spec -l 64 -n 19 -p tmp/lpc.bin >tmp/lpcspec.bin && python bin2txt.py -fn tmp/lpcspec.bin -k 33 > /home/oyabushun/data/piano_data/RWC_piano_data_all_LPCSE1k19l21n64w1R1_oyabu1/sm2-dolst-R1-LPCSE1.dat
#/home/oyabushun/data/piano_data/RWC_piano_data_all_LPCSE1k19l21n64w1R1_oyabu1/sm2-dolst-R1-LPCSE1.dat created
lpc : The coefficient matrix of the normal equation is singular at 2th frame!
python f2b.py -fmt f -yin /home/oyabushun/data/piano_data/RWC_piano_data_all_m/sm2-reno-R1.dat -yout tmp/tmp.flt && cat tmp/tmp.flt|frame -l 168 -p 84 |window -l 168 -w 1 |lpc -l 168 -m 19 > tmp/lpc.bin && cp tmp/lpc.bin /home/oyabushun/data/piano_data/RWC_piano_data_all_LPCSE1k19l21n64w1R1_oyabu1/sm2-reno-R1-LPC.bin && python bin2txt.py -fn tmp/lpc.bin -k 20 | ../sh/LPC2M.sh > /home/oyabushun/data/piano_data/RWC_piano_data_all_LPCSE1k19l21n64w1R1_oyabu1/sm2-reno-R1-M.dat && spec -l 64 -n 19 -p tmp/lpc.bin >tmp/lpcspec.bin && python bin2txt.py -fn tmp/lpcspec.bin -k 33 > /home/oyabushun/data/piano_data/RWC_piano_data_all_LPCSE1k19l21n64w1R1_oyabu1/sm2-reno-R1-LPCSE1.dat
#/home/oyabushun/data/piano_data/RWC_piano_data_all_LPCSE1k19l21n64w1R1_oyabu1/sm2-reno-R1-LPCSE1.dat created
lpc : The coefficient matrix of the normal equation is singular at 5th frame!
python f2b.py -fmt f -yin /home/oyabushun/data/piano_data/RWC_piano_data_all_m/sm2-repe-R1.dat -yout tmp/tmp.flt && cat tmp/tmp.flt|frame -l 168 -p 84 |window -l 168 -w 1 |lpc -l 168 -m 19 > tmp/lpc.bin && cp tmp/lpc.bin /home/oyabushun/data/piano_data/RWC_piano_data_all_LPCSE1k19l21n64w1R1_oyabu1/sm2-repe-R1-LPC.bin && python bin2txt.py -fn tmp/lpc.bin -k 20 | ../sh/LPC2M.sh > /home/oyabushun/data/piano_data/RWC_piano_data_all_LPCSE1k19l21n64w1R1_oyabu1/sm2-repe-R1-M.dat && spec -l 64 -n 19 -p tmp/lpc.bin >tmp/lpcspec.bin && python bin2txt.py -fn tmp/lpcspec.bin -k 33 > /home/oyabushun/data/piano_data/RWC_piano_data_all_LPCSE1k19l21n64w1R1_oyabu1/sm2-repe-R1-LPCSE1.dat
#/home/oyabushun/data/piano_data/RWC_piano_data_all_LPCSE1k19l21n64w1R1_oyabu1/sm2-repe-R1-LPCSE1.dat created
lpc : The coefficient matrix of the normal equation is singular at 2th frame!
python f2b.py -fmt f -yin /home/oyabushun/data/piano_data/RWC_piano_data_all_m/sm2-rest-R1.dat -yout tmp/tmp.flt && cat tmp/tmp.flt|frame -l 168 -p 84 |window -l 168 -w 1 |lpc -l 168 -m 19 > tmp/lpc.bin && cp tmp/lpc.bin /home/oyabushun/data/piano_data/RWC_piano_data_all_LPCSE1k19l21n64w1R1_oyabu1/sm2-rest-R1-LPC.bin && python bin2txt.py -fn tmp/lpc.bin -k 20 | ../sh/LPC2M.sh > /home/oyabushun/data/piano_data/RWC_piano_data_all_LPCSE1k19l21n64w1R1_oyabu1/sm2-rest-R1-M.dat && spec -l 64 -n 19 -p tmp/lpc.bin >tmp/lpcspec.bin && python bin2txt.py -fn tmp/lpcspec.bin -k 33 > /home/oyabushun/data/piano_data/RWC_piano_data_all_LPCSE1k19l21n64w1R1_oyabu1/sm2-rest-R1-LPCSE1.dat
#/home/oyabushun/data/piano_data/RWC_piano_data_all_LPCSE1k19l21n64w1R1_oyabu1/sm2-rest-R1-LPCSE1.dat created
lpc : The coefficient matrix of the normal equation is singular at 19th frame!
python f2b.py -fmt f -yin /home/oyabushun/data/piano_data/RWC_piano_data_all_m/sm2-mino-R1.dat -yout tmp/tmp.flt && cat tmp/tmp.flt|frame -l 168 -p 84 |window -l 168 -w 1 |lpc -l 168 -m 19 > tmp/lpc.bin && cp tmp/lpc.bin /home/oyabushun/data/piano_data/RWC_piano_data_all_LPCSE1k19l21n64w1R1_oyabu1/sm2-mino-R1-LPC.bin && python bin2txt.py -fn tmp/lpc.bin -k 20 | ../sh/LPC2M.sh > /home/oyabushun/data/piano_data/RWC_piano_data_all_LPCSE1k19l21n64w1R1_oyabu1/sm2-mino-R1-M.dat && spec -l 64 -n 19 -p tmp/lpc.bin >tmp/lpcspec.bin && python bin2txt.py -fn tmp/lpcspec.bin -k 33 > /home/oyabushun/data/piano_data/RWC_piano_data_all_LPCSE1k19l21n64w1R1_oyabu1/sm2-mino-R1-LPCSE1.dat
#/home/oyabushun/data/piano_data/RWC_piano_data_all_LPCSE1k19l21n64w1R1_oyabu1/sm2-mino-R1-LPCSE1.dat created
lpc : The coefficient matrix of the normal equation is singular at 8th frame!
python f2b.py -fmt f -yin /home/oyabushun/data/piano_data/RWC_piano_data_all_m/sm2-mipe-R1.dat -yout tmp/tmp.flt && cat tmp/tmp.flt|frame -l 168 -p 84 |window -l 168 -w 1 |lpc -l 168 -m 19 > tmp/lpc.bin && cp tmp/lpc.bin /home/oyabushun/data/piano_data/RWC_piano_data_all_LPCSE1k19l21n64w1R1_oyabu1/sm2-mipe-R1-LPC.bin && python bin2txt.py -fn tmp/lpc.bin -k 20 | ../sh/LPC2M.sh > /home/oyabushun/data/piano_data/RWC_piano_data_all_LPCSE1k19l21n64w1R1_oyabu1/sm2-mipe-R1-M.dat && spec -l 64 -n 19 -p tmp/lpc.bin >tmp/lpcspec.bin && python bin2txt.py -fn tmp/lpcspec.bin -k 33 > /home/oyabushun/data/piano_data/RWC_piano_data_all_LPCSE1k19l21n64w1R1_oyabu1/sm2-mipe-R1-LPCSE1.dat
#/home/oyabushun/data/piano_data/RWC_piano_data_all_LPCSE1k19l21n64w1R1_oyabu1/sm2-mipe-R1-LPCSE1.dat created
lpc : The coefficient matrix of the normal equation is singular at 17th frame!
python f2b.py -fmt f -yin /home/oyabushun/data/piano_data/RWC_piano_data_all_m/sm2-mist-R1.dat -yout tmp/tmp.flt && cat tmp/tmp.flt|frame -l 168 -p 84 |window -l 168 -w 1 |lpc -l 168 -m 19 > tmp/lpc.bin && cp tmp/lpc.bin /home/oyabushun/data/piano_data/RWC_piano_data_all_LPCSE1k19l21n64w1R1_oyabu1/sm2-mist-R1-LPC.bin && python bin2txt.py -fn tmp/lpc.bin -k 20 | ../sh/LPC2M.sh > /home/oyabushun/data/piano_data/RWC_piano_data_all_LPCSE1k19l21n64w1R1_oyabu1/sm2-mist-R1-M.dat && spec -l 64 -n 19 -p tmp/lpc.bin >tmp/lpcspec.bin && python bin2txt.py -fn tmp/lpcspec.bin -k 33 > /home/oyabushun/data/piano_data/RWC_piano_data_all_LPCSE1k19l21n64w1R1_oyabu1/sm2-mist-R1-LPCSE1.dat
#/home/oyabushun/data/piano_data/RWC_piano_data_all_LPCSE1k19l21n64w1R1_oyabu1/sm2-mist-R1-LPCSE1.dat created
lpc : The coefficient matrix of the normal equation is singular at 2th frame!
python f2b.py -fmt f -yin /home/oyabushun/data/piano_data/RWC_piano_data_all_m/sm2-fano-R1.dat -yout tmp/tmp.flt && cat tmp/tmp.flt|frame -l 168 -p 84 |window -l 168 -w 1 |lpc -l 168 -m 19 > tmp/lpc.bin && cp tmp/lpc.bin /home/oyabushun/data/piano_data/RWC_piano_data_all_LPCSE1k19l21n64w1R1_oyabu1/sm2-fano-R1-LPC.bin && python bin2txt.py -fn tmp/lpc.bin -k 20 | ../sh/LPC2M.sh > /home/oyabushun/data/piano_data/RWC_piano_data_all_LPCSE1k19l21n64w1R1_oyabu1/sm2-fano-R1-M.dat && spec -l 64 -n 19 -p tmp/lpc.bin >tmp/lpcspec.bin && python bin2txt.py -fn tmp/lpcspec.bin -k 33 > /home/oyabushun/data/piano_data/RWC_piano_data_all_LPCSE1k19l21n64w1R1_oyabu1/sm2-fano-R1-LPCSE1.dat
#/home/oyabushun/data/piano_data/RWC_piano_data_all_LPCSE1k19l21n64w1R1_oyabu1/sm2-fano-R1-LPCSE1.dat created
lpc : The coefficient matrix of the normal equation is singular at 3th frame!
python f2b.py -fmt f -yin /home/oyabushun/data/piano_data/RWC_piano_data_all_m/sm2-fape-R1.dat -yout tmp/tmp.flt && cat tmp/tmp.flt|frame -l 168 -p 84 |window -l 168 -w 1 |lpc -l 168 -m 19 > tmp/lpc.bin && cp tmp/lpc.bin /home/oyabushun/data/piano_data/RWC_piano_data_all_LPCSE1k19l21n64w1R1_oyabu1/sm2-fape-R1-LPC.bin && python bin2txt.py -fn tmp/lpc.bin -k 20 | ../sh/LPC2M.sh > /home/oyabushun/data/piano_data/RWC_piano_data_all_LPCSE1k19l21n64w1R1_oyabu1/sm2-fape-R1-M.dat && spec -l 64 -n 19 -p tmp/lpc.bin >tmp/lpcspec.bin && python bin2txt.py -fn tmp/lpcspec.bin -k 33 > /home/oyabushun/data/piano_data/RWC_piano_data_all_LPCSE1k19l21n64w1R1_oyabu1/sm2-fape-R1-LPCSE1.dat
#/home/oyabushun/data/piano_data/RWC_piano_data_all_LPCSE1k19l21n64w1R1_oyabu1/sm2-fape-R1-LPCSE1.dat created
lpc : The coefficient matrix of the normal equation is singular at 5th frame!
python f2b.py -fmt f -yin /home/oyabushun/data/piano_data/RWC_piano_data_all_m/sm2-fast-R1.dat -yout tmp/tmp.flt && cat tmp/tmp.flt|frame -l 168 -p 84 |window -l 168 -w 1 |lpc -l 168 -m 19 > tmp/lpc.bin && cp tmp/lpc.bin /home/oyabushun/data/piano_data/RWC_piano_data_all_LPCSE1k19l21n64w1R1_oyabu1/sm2-fast-R1-LPC.bin && python bin2txt.py -fn tmp/lpc.bin -k 20 | ../sh/LPC2M.sh > /home/oyabushun/data/piano_data/RWC_piano_data_all_LPCSE1k19l21n64w1R1_oyabu1/sm2-fast-R1-M.dat && spec -l 64 -n 19 -p tmp/lpc.bin >tmp/lpcspec.bin && python bin2txt.py -fn tmp/lpcspec.bin -k 33 > /home/oyabushun/data/piano_data/RWC_piano_data_all_LPCSE1k19l21n64w1R1_oyabu1/sm2-fast-R1-LPCSE1.dat
#/home/oyabushun/data/piano_data/RWC_piano_data_all_LPCSE1k19l21n64w1R1_oyabu1/sm2-fast-R1-LPCSE1.dat created
lpc : The coefficient matrix of the normal equation is singular at 2th frame!
python f2b.py -fmt f -yin /home/oyabushun/data/piano_data/RWC_piano_data_all_m/sm2-sono-R1.dat -yout tmp/tmp.flt && cat tmp/tmp.flt|frame -l 168 -p 84 |window -l 168 -w 1 |lpc -l 168 -m 19 > tmp/lpc.bin && cp tmp/lpc.bin /home/oyabushun/data/piano_data/RWC_piano_data_all_LPCSE1k19l21n64w1R1_oyabu1/sm2-sono-R1-LPC.bin && python bin2txt.py -fn tmp/lpc.bin -k 20 | ../sh/LPC2M.sh > /home/oyabushun/data/piano_data/RWC_piano_data_all_LPCSE1k19l21n64w1R1_oyabu1/sm2-sono-R1-M.dat && spec -l 64 -n 19 -p tmp/lpc.bin >tmp/lpcspec.bin && python bin2txt.py -fn tmp/lpcspec.bin -k 33 > /home/oyabushun/data/piano_data/RWC_piano_data_all_LPCSE1k19l21n64w1R1_oyabu1/sm2-sono-R1-LPCSE1.dat
#/home/oyabushun/data/piano_data/RWC_piano_data_all_LPCSE1k19l21n64w1R1_oyabu1/sm2-sono-R1-LPCSE1.dat created
lpc : The coefficient matrix of the normal equation is singular at 4th frame!
python f2b.py -fmt f -yin /home/oyabushun/data/piano_data/RWC_piano_data_all_m/sm2-sope-R1.dat -yout tmp/tmp.flt && cat tmp/tmp.flt|frame -l 168 -p 84 |window -l 168 -w 1 |lpc -l 168 -m 19 > tmp/lpc.bin && cp tmp/lpc.bin /home/oyabushun/data/piano_data/RWC_piano_data_all_LPCSE1k19l21n64w1R1_oyabu1/sm2-sope-R1-LPC.bin && python bin2txt.py -fn tmp/lpc.bin -k 20 | ../sh/LPC2M.sh > /home/oyabushun/data/piano_data/RWC_piano_data_all_LPCSE1k19l21n64w1R1_oyabu1/sm2-sope-R1-M.dat && spec -l 64 -n 19 -p tmp/lpc.bin >tmp/lpcspec.bin && python bin2txt.py -fn tmp/lpcspec.bin -k 33 > /home/oyabushun/data/piano_data/RWC_piano_data_all_LPCSE1k19l21n64w1R1_oyabu1/sm2-sope-R1-LPCSE1.dat
#/home/oyabushun/data/piano_data/RWC_piano_data_all_LPCSE1k19l21n64w1R1_oyabu1/sm2-sope-R1-LPCSE1.dat created
lpc : The coefficient matrix of the normal equation is singular at 6th frame!
python f2b.py -fmt f -yin /home/oyabushun/data/piano_data/RWC_piano_data_all_m/sm2-sost-R1.dat -yout tmp/tmp.flt && cat tmp/tmp.flt|frame -l 168 -p 84 |window -l 168 -w 1 |lpc -l 168 -m 19 > tmp/lpc.bin && cp tmp/lpc.bin /home/oyabushun/data/piano_data/RWC_piano_data_all_LPCSE1k19l21n64w1R1_oyabu1/sm2-sost-R1-LPC.bin && python bin2txt.py -fn tmp/lpc.bin -k 20 | ../sh/LPC2M.sh > /home/oyabushun/data/piano_data/RWC_piano_data_all_LPCSE1k19l21n64w1R1_oyabu1/sm2-sost-R1-M.dat && spec -l 64 -n 19 -p tmp/lpc.bin >tmp/lpcspec.bin && python bin2txt.py -fn tmp/lpcspec.bin -k 33 > /home/oyabushun/data/piano_data/RWC_piano_data_all_LPCSE1k19l21n64w1R1_oyabu1/sm2-sost-R1-LPCSE1.dat
#/home/oyabushun/data/piano_data/RWC_piano_data_all_LPCSE1k19l21n64w1R1_oyabu1/sm2-sost-R1-LPCSE1.dat created
lpc : The coefficient matrix of the normal equation is singular at 2th frame!
python f2b.py -fmt f -yin /home/oyabushun/data/piano_data/RWC_piano_data_all_m/sm2-rano-R1.dat -yout tmp/tmp.flt && cat tmp/tmp.flt|frame -l 168 -p 84 |window -l 168 -w 1 |lpc -l 168 -m 19 > tmp/lpc.bin && cp tmp/lpc.bin /home/oyabushun/data/piano_data/RWC_piano_data_all_LPCSE1k19l21n64w1R1_oyabu1/sm2-rano-R1-LPC.bin && python bin2txt.py -fn tmp/lpc.bin -k 20 | ../sh/LPC2M.sh > /home/oyabushun/data/piano_data/RWC_piano_data_all_LPCSE1k19l21n64w1R1_oyabu1/sm2-rano-R1-M.dat && spec -l 64 -n 19 -p tmp/lpc.bin >tmp/lpcspec.bin && python bin2txt.py -fn tmp/lpcspec.bin -k 33 > /home/oyabushun/data/piano_data/RWC_piano_data_all_LPCSE1k19l21n64w1R1_oyabu1/sm2-rano-R1-LPCSE1.dat
#/home/oyabushun/data/piano_data/RWC_piano_data_all_LPCSE1k19l21n64w1R1_oyabu1/sm2-rano-R1-LPCSE1.dat created
lpc : The coefficient matrix of the normal equation is singular at 11th frame!
python f2b.py -fmt f -yin /home/oyabushun/data/piano_data/RWC_piano_data_all_m/sm2-rape-R1.dat -yout tmp/tmp.flt && cat tmp/tmp.flt|frame -l 168 -p 84 |window -l 168 -w 1 |lpc -l 168 -m 19 > tmp/lpc.bin && cp tmp/lpc.bin /home/oyabushun/data/piano_data/RWC_piano_data_all_LPCSE1k19l21n64w1R1_oyabu1/sm2-rape-R1-LPC.bin && python bin2txt.py -fn tmp/lpc.bin -k 20 | ../sh/LPC2M.sh > /home/oyabushun/data/piano_data/RWC_piano_data_all_LPCSE1k19l21n64w1R1_oyabu1/sm2-rape-R1-M.dat && spec -l 64 -n 19 -p tmp/lpc.bin >tmp/lpcspec.bin && python bin2txt.py -fn tmp/lpcspec.bin -k 33 > /home/oyabushun/data/piano_data/RWC_piano_data_all_LPCSE1k19l21n64w1R1_oyabu1/sm2-rape-R1-LPCSE1.dat
#/home/oyabushun/data/piano_data/RWC_piano_data_all_LPCSE1k19l21n64w1R1_oyabu1/sm2-rape-R1-LPCSE1.dat created
lpc : The coefficient matrix of the normal equation is singular at 2th frame!
python f2b.py -fmt f -yin /home/oyabushun/data/piano_data/RWC_piano_data_all_m/sm2-rast-R1.dat -yout tmp/tmp.flt && cat tmp/tmp.flt|frame -l 168 -p 84 |window -l 168 -w 1 |lpc -l 168 -m 19 > tmp/lpc.bin && cp tmp/lpc.bin /home/oyabushun/data/piano_data/RWC_piano_data_all_LPCSE1k19l21n64w1R1_oyabu1/sm2-rast-R1-LPC.bin && python bin2txt.py -fn tmp/lpc.bin -k 20 | ../sh/LPC2M.sh > /home/oyabushun/data/piano_data/RWC_piano_data_all_LPCSE1k19l21n64w1R1_oyabu1/sm2-rast-R1-M.dat && spec -l 64 -n 19 -p tmp/lpc.bin >tmp/lpcspec.bin && python bin2txt.py -fn tmp/lpcspec.bin -k 33 > /home/oyabushun/data/piano_data/RWC_piano_data_all_LPCSE1k19l21n64w1R1_oyabu1/sm2-rast-R1-LPCSE1.dat
#/home/oyabushun/data/piano_data/RWC_piano_data_all_LPCSE1k19l21n64w1R1_oyabu1/sm2-rast-R1-LPCSE1.dat created
lpc : The coefficient matrix of the normal equation is singular at 2th frame!
python f2b.py -fmt f -yin /home/oyabushun/data/piano_data/RWC_piano_data_all_m/sm2-sino-R1.dat -yout tmp/tmp.flt && cat tmp/tmp.flt|frame -l 168 -p 84 |window -l 168 -w 1 |lpc -l 168 -m 19 > tmp/lpc.bin && cp tmp/lpc.bin /home/oyabushun/data/piano_data/RWC_piano_data_all_LPCSE1k19l21n64w1R1_oyabu1/sm2-sino-R1-LPC.bin && python bin2txt.py -fn tmp/lpc.bin -k 20 | ../sh/LPC2M.sh > /home/oyabushun/data/piano_data/RWC_piano_data_all_LPCSE1k19l21n64w1R1_oyabu1/sm2-sino-R1-M.dat && spec -l 64 -n 19 -p tmp/lpc.bin >tmp/lpcspec.bin && python bin2txt.py -fn tmp/lpcspec.bin -k 33 > /home/oyabushun/data/piano_data/RWC_piano_data_all_LPCSE1k19l21n64w1R1_oyabu1/sm2-sino-R1-LPCSE1.dat
#/home/oyabushun/data/piano_data/RWC_piano_data_all_LPCSE1k19l21n64w1R1_oyabu1/sm2-sino-R1-LPCSE1.dat created
lpc : The coefficient matrix of the normal equation is singular at 6th frame!
python f2b.py -fmt f -yin /home/oyabushun/data/piano_data/RWC_piano_data_all_m/sm2-sipe-R1.dat -yout tmp/tmp.flt && cat tmp/tmp.flt|frame -l 168 -p 84 |window -l 168 -w 1 |lpc -l 168 -m 19 > tmp/lpc.bin && cp tmp/lpc.bin /home/oyabushun/data/piano_data/RWC_piano_data_all_LPCSE1k19l21n64w1R1_oyabu1/sm2-sipe-R1-LPC.bin && python bin2txt.py -fn tmp/lpc.bin -k 20 | ../sh/LPC2M.sh > /home/oyabushun/data/piano_data/RWC_piano_data_all_LPCSE1k19l21n64w1R1_oyabu1/sm2-sipe-R1-M.dat && spec -l 64 -n 19 -p tmp/lpc.bin >tmp/lpcspec.bin && python bin2txt.py -fn tmp/lpcspec.bin -k 33 > /home/oyabushun/data/piano_data/RWC_piano_data_all_LPCSE1k19l21n64w1R1_oyabu1/sm2-sipe-R1-LPCSE1.dat
#/home/oyabushun/data/piano_data/RWC_piano_data_all_LPCSE1k19l21n64w1R1_oyabu1/sm2-sipe-R1-LPCSE1.dat created
lpc : The coefficient matrix of the normal equation is singular at 2th frame!
python f2b.py -fmt f -yin /home/oyabushun/data/piano_data/RWC_piano_data_all_m/sm2-sist-R1.dat -yout tmp/tmp.flt && cat tmp/tmp.flt|frame -l 168 -p 84 |window -l 168 -w 1 |lpc -l 168 -m 19 > tmp/lpc.bin && cp tmp/lpc.bin /home/oyabushun/data/piano_data/RWC_piano_data_all_LPCSE1k19l21n64w1R1_oyabu1/sm2-sist-R1-LPC.bin && python bin2txt.py -fn tmp/lpc.bin -k 20 | ../sh/LPC2M.sh > /home/oyabushun/data/piano_data/RWC_piano_data_all_LPCSE1k19l21n64w1R1_oyabu1/sm2-sist-R1-M.dat && spec -l 64 -n 19 -p tmp/lpc.bin >tmp/lpcspec.bin && python bin2txt.py -fn tmp/lpcspec.bin -k 33 > /home/oyabushun/data/piano_data/RWC_piano_data_all_LPCSE1k19l21n64w1R1_oyabu1/sm2-sist-R1-LPCSE1.dat
#/home/oyabushun/data/piano_data/RWC_piano_data_all_LPCSE1k19l21n64w1R1_oyabu1/sm2-sist-R1-LPCSE1.dat created
lpc : The coefficient matrix of the normal equation is singular at 2th frame!
python f2b.py -fmt f -yin /home/oyabushun/data/piano_data/RWC_piano_data_all_m/sm2-dohno-R1.dat -yout tmp/tmp.flt && cat tmp/tmp.flt|frame -l 168 -p 84 |window -l 168 -w 1 |lpc -l 168 -m 19 > tmp/lpc.bin && cp tmp/lpc.bin /home/oyabushun/data/piano_data/RWC_piano_data_all_LPCSE1k19l21n64w1R1_oyabu1/sm2-dohno-R1-LPC.bin && python bin2txt.py -fn tmp/lpc.bin -k 20 | ../sh/LPC2M.sh > /home/oyabushun/data/piano_data/RWC_piano_data_all_LPCSE1k19l21n64w1R1_oyabu1/sm2-dohno-R1-M.dat && spec -l 64 -n 19 -p tmp/lpc.bin >tmp/lpcspec.bin && python bin2txt.py -fn tmp/lpcspec.bin -k 33 > /home/oyabushun/data/piano_data/RWC_piano_data_all_LPCSE1k19l21n64w1R1_oyabu1/sm2-dohno-R1-LPCSE1.dat
#/home/oyabushun/data/piano_data/RWC_piano_data_all_LPCSE1k19l21n64w1R1_oyabu1/sm2-dohno-R1-LPCSE1.dat created
lpc : The coefficient matrix of the normal equation is singular at 2th frame!
python f2b.py -fmt f -yin /home/oyabushun/data/piano_data/RWC_piano_data_all_m/sm2-dohpe-R1.dat -yout tmp/tmp.flt && cat tmp/tmp.flt|frame -l 168 -p 84 |window -l 168 -w 1 |lpc -l 168 -m 19 > tmp/lpc.bin && cp tmp/lpc.bin /home/oyabushun/data/piano_data/RWC_piano_data_all_LPCSE1k19l21n64w1R1_oyabu1/sm2-dohpe-R1-LPC.bin && python bin2txt.py -fn tmp/lpc.bin -k 20 | ../sh/LPC2M.sh > /home/oyabushun/data/piano_data/RWC_piano_data_all_LPCSE1k19l21n64w1R1_oyabu1/sm2-dohpe-R1-M.dat && spec -l 64 -n 19 -p tmp/lpc.bin >tmp/lpcspec.bin && python bin2txt.py -fn tmp/lpcspec.bin -k 33 > /home/oyabushun/data/piano_data/RWC_piano_data_all_LPCSE1k19l21n64w1R1_oyabu1/sm2-dohpe-R1-LPCSE1.dat
#/home/oyabushun/data/piano_data/RWC_piano_data_all_LPCSE1k19l21n64w1R1_oyabu1/sm2-dohpe-R1-LPCSE1.dat created
lpc : The coefficient matrix of the normal equation is singular at 2th frame!
python f2b.py -fmt f -yin /home/oyabushun/data/piano_data/RWC_piano_data_all_m/sm2-dohst-R1.dat -yout tmp/tmp.flt && cat tmp/tmp.flt|frame -l 168 -p 84 |window -l 168 -w 1 |lpc -l 168 -m 19 > tmp/lpc.bin && cp tmp/lpc.bin /home/oyabushun/data/piano_data/RWC_piano_data_all_LPCSE1k19l21n64w1R1_oyabu1/sm2-dohst-R1-LPC.bin && python bin2txt.py -fn tmp/lpc.bin -k 20 | ../sh/LPC2M.sh > /home/oyabushun/data/piano_data/RWC_piano_data_all_LPCSE1k19l21n64w1R1_oyabu1/sm2-dohst-R1-M.dat && spec -l 64 -n 19 -p tmp/lpc.bin >tmp/lpcspec.bin && python bin2txt.py -fn tmp/lpcspec.bin -k 33 > /home/oyabushun/data/piano_data/RWC_piano_data_all_LPCSE1k19l21n64w1R1_oyabu1/sm2-dohst-R1-LPCSE1.dat
#/home/oyabushun/data/piano_data/RWC_piano_data_all_LPCSE1k19l21n64w1R1_oyabu1/sm2-dohst-R1-LPCSE1.dat created
lpc : The coefficient matrix of the normal equation is singular at 2th frame!
python f2b.py -fmt f -yin /home/oyabushun/data/piano_data/RWC_piano_data_all_m/sm3-dolno-R1.dat -yout tmp/tmp.flt && cat tmp/tmp.flt|frame -l 168 -p 84 |window -l 168 -w 1 |lpc -l 168 -m 19 > tmp/lpc.bin && cp tmp/lpc.bin /home/oyabushun/data/piano_data/RWC_piano_data_all_LPCSE1k19l21n64w1R1_oyabu1/sm3-dolno-R1-LPC.bin && python bin2txt.py -fn tmp/lpc.bin -k 20 | ../sh/LPC2M.sh > /home/oyabushun/data/piano_data/RWC_piano_data_all_LPCSE1k19l21n64w1R1_oyabu1/sm3-dolno-R1-M.dat && spec -l 64 -n 19 -p tmp/lpc.bin >tmp/lpcspec.bin && python bin2txt.py -fn tmp/lpcspec.bin -k 33 > /home/oyabushun/data/piano_data/RWC_piano_data_all_LPCSE1k19l21n64w1R1_oyabu1/sm3-dolno-R1-LPCSE1.dat
#/home/oyabushun/data/piano_data/RWC_piano_data_all_LPCSE1k19l21n64w1R1_oyabu1/sm3-dolno-R1-LPCSE1.dat created
lpc : The coefficient matrix of the normal equation is singular at 2th frame!
python f2b.py -fmt f -yin /home/oyabushun/data/piano_data/RWC_piano_data_all_m/sm3-dolpe-R1.dat -yout tmp/tmp.flt && cat tmp/tmp.flt|frame -l 168 -p 84 |window -l 168 -w 1 |lpc -l 168 -m 19 > tmp/lpc.bin && cp tmp/lpc.bin /home/oyabushun/data/piano_data/RWC_piano_data_all_LPCSE1k19l21n64w1R1_oyabu1/sm3-dolpe-R1-LPC.bin && python bin2txt.py -fn tmp/lpc.bin -k 20 | ../sh/LPC2M.sh > /home/oyabushun/data/piano_data/RWC_piano_data_all_LPCSE1k19l21n64w1R1_oyabu1/sm3-dolpe-R1-M.dat && spec -l 64 -n 19 -p tmp/lpc.bin >tmp/lpcspec.bin && python bin2txt.py -fn tmp/lpcspec.bin -k 33 > /home/oyabushun/data/piano_data/RWC_piano_data_all_LPCSE1k19l21n64w1R1_oyabu1/sm3-dolpe-R1-LPCSE1.dat
#/home/oyabushun/data/piano_data/RWC_piano_data_all_LPCSE1k19l21n64w1R1_oyabu1/sm3-dolpe-R1-LPCSE1.dat created
lpc : The coefficient matrix of the normal equation is singular at 2th frame!
python f2b.py -fmt f -yin /home/oyabushun/data/piano_data/RWC_piano_data_all_m/sm3-dolst-R1.dat -yout tmp/tmp.flt && cat tmp/tmp.flt|frame -l 168 -p 84 |window -l 168 -w 1 |lpc -l 168 -m 19 > tmp/lpc.bin && cp tmp/lpc.bin /home/oyabushun/data/piano_data/RWC_piano_data_all_LPCSE1k19l21n64w1R1_oyabu1/sm3-dolst-R1-LPC.bin && python bin2txt.py -fn tmp/lpc.bin -k 20 | ../sh/LPC2M.sh > /home/oyabushun/data/piano_data/RWC_piano_data_all_LPCSE1k19l21n64w1R1_oyabu1/sm3-dolst-R1-M.dat && spec -l 64 -n 19 -p tmp/lpc.bin >tmp/lpcspec.bin && python bin2txt.py -fn tmp/lpcspec.bin -k 33 > /home/oyabushun/data/piano_data/RWC_piano_data_all_LPCSE1k19l21n64w1R1_oyabu1/sm3-dolst-R1-LPCSE1.dat
#/home/oyabushun/data/piano_data/RWC_piano_data_all_LPCSE1k19l21n64w1R1_oyabu1/sm3-dolst-R1-LPCSE1.dat created
lpc : The coefficient matrix of the normal equation is singular at 2th frame!
python f2b.py -fmt f -yin /home/oyabushun/data/piano_data/RWC_piano_data_all_m/sm3-reno-R1.dat -yout tmp/tmp.flt && cat tmp/tmp.flt|frame -l 168 -p 84 |window -l 168 -w 1 |lpc -l 168 -m 19 > tmp/lpc.bin && cp tmp/lpc.bin /home/oyabushun/data/piano_data/RWC_piano_data_all_LPCSE1k19l21n64w1R1_oyabu1/sm3-reno-R1-LPC.bin && python bin2txt.py -fn tmp/lpc.bin -k 20 | ../sh/LPC2M.sh > /home/oyabushun/data/piano_data/RWC_piano_data_all_LPCSE1k19l21n64w1R1_oyabu1/sm3-reno-R1-M.dat && spec -l 64 -n 19 -p tmp/lpc.bin >tmp/lpcspec.bin && python bin2txt.py -fn tmp/lpcspec.bin -k 33 > /home/oyabushun/data/piano_data/RWC_piano_data_all_LPCSE1k19l21n64w1R1_oyabu1/sm3-reno-R1-LPCSE1.dat
#/home/oyabushun/data/piano_data/RWC_piano_data_all_LPCSE1k19l21n64w1R1_oyabu1/sm3-reno-R1-LPCSE1.dat created
lpc : The coefficient matrix of the normal equation is singular at 2th frame!
python f2b.py -fmt f -yin /home/oyabushun/data/piano_data/RWC_piano_data_all_m/sm3-repe-R1.dat -yout tmp/tmp.flt && cat tmp/tmp.flt|frame -l 168 -p 84 |window -l 168 -w 1 |lpc -l 168 -m 19 > tmp/lpc.bin && cp tmp/lpc.bin /home/oyabushun/data/piano_data/RWC_piano_data_all_LPCSE1k19l21n64w1R1_oyabu1/sm3-repe-R1-LPC.bin && python bin2txt.py -fn tmp/lpc.bin -k 20 | ../sh/LPC2M.sh > /home/oyabushun/data/piano_data/RWC_piano_data_all_LPCSE1k19l21n64w1R1_oyabu1/sm3-repe-R1-M.dat && spec -l 64 -n 19 -p tmp/lpc.bin >tmp/lpcspec.bin && python bin2txt.py -fn tmp/lpcspec.bin -k 33 > /home/oyabushun/data/piano_data/RWC_piano_data_all_LPCSE1k19l21n64w1R1_oyabu1/sm3-repe-R1-LPCSE1.dat
#/home/oyabushun/data/piano_data/RWC_piano_data_all_LPCSE1k19l21n64w1R1_oyabu1/sm3-repe-R1-LPCSE1.dat created
lpc : The coefficient matrix of the normal equation is singular at 2th frame!
python f2b.py -fmt f -yin /home/oyabushun/data/piano_data/RWC_piano_data_all_m/sm3-rest-R1.dat -yout tmp/tmp.flt && cat tmp/tmp.flt|frame -l 168 -p 84 |window -l 168 -w 1 |lpc -l 168 -m 19 > tmp/lpc.bin && cp tmp/lpc.bin /home/oyabushun/data/piano_data/RWC_piano_data_all_LPCSE1k19l21n64w1R1_oyabu1/sm3-rest-R1-LPC.bin && python bin2txt.py -fn tmp/lpc.bin -k 20 | ../sh/LPC2M.sh > /home/oyabushun/data/piano_data/RWC_piano_data_all_LPCSE1k19l21n64w1R1_oyabu1/sm3-rest-R1-M.dat && spec -l 64 -n 19 -p tmp/lpc.bin >tmp/lpcspec.bin && python bin2txt.py -fn tmp/lpcspec.bin -k 33 > /home/oyabushun/data/piano_data/RWC_piano_data_all_LPCSE1k19l21n64w1R1_oyabu1/sm3-rest-R1-LPCSE1.dat
#/home/oyabushun/data/piano_data/RWC_piano_data_all_LPCSE1k19l21n64w1R1_oyabu1/sm3-rest-R1-LPCSE1.dat created
lpc : The coefficient matrix of the normal equation is singular at 2th frame!
python f2b.py -fmt f -yin /home/oyabushun/data/piano_data/RWC_piano_data_all_m/sm3-mino-R1.dat -yout tmp/tmp.flt && cat tmp/tmp.flt|frame -l 168 -p 84 |window -l 168 -w 1 |lpc -l 168 -m 19 > tmp/lpc.bin && cp tmp/lpc.bin /home/oyabushun/data/piano_data/RWC_piano_data_all_LPCSE1k19l21n64w1R1_oyabu1/sm3-mino-R1-LPC.bin && python bin2txt.py -fn tmp/lpc.bin -k 20 | ../sh/LPC2M.sh > /home/oyabushun/data/piano_data/RWC_piano_data_all_LPCSE1k19l21n64w1R1_oyabu1/sm3-mino-R1-M.dat && spec -l 64 -n 19 -p tmp/lpc.bin >tmp/lpcspec.bin && python bin2txt.py -fn tmp/lpcspec.bin -k 33 > /home/oyabushun/data/piano_data/RWC_piano_data_all_LPCSE1k19l21n64w1R1_oyabu1/sm3-mino-R1-LPCSE1.dat
#/home/oyabushun/data/piano_data/RWC_piano_data_all_LPCSE1k19l21n64w1R1_oyabu1/sm3-mino-R1-LPCSE1.dat created
lpc : The coefficient matrix of the normal equation is singular at 2th frame!
python f2b.py -fmt f -yin /home/oyabushun/data/piano_data/RWC_piano_data_all_m/sm3-mipe-R1.dat -yout tmp/tmp.flt && cat tmp/tmp.flt|frame -l 168 -p 84 |window -l 168 -w 1 |lpc -l 168 -m 19 > tmp/lpc.bin && cp tmp/lpc.bin /home/oyabushun/data/piano_data/RWC_piano_data_all_LPCSE1k19l21n64w1R1_oyabu1/sm3-mipe-R1-LPC.bin && python bin2txt.py -fn tmp/lpc.bin -k 20 | ../sh/LPC2M.sh > /home/oyabushun/data/piano_data/RWC_piano_data_all_LPCSE1k19l21n64w1R1_oyabu1/sm3-mipe-R1-M.dat && spec -l 64 -n 19 -p tmp/lpc.bin >tmp/lpcspec.bin && python bin2txt.py -fn tmp/lpcspec.bin -k 33 > /home/oyabushun/data/piano_data/RWC_piano_data_all_LPCSE1k19l21n64w1R1_oyabu1/sm3-mipe-R1-LPCSE1.dat
#/home/oyabushun/data/piano_data/RWC_piano_data_all_LPCSE1k19l21n64w1R1_oyabu1/sm3-mipe-R1-LPCSE1.dat created
lpc : The coefficient matrix of the normal equation is singular at 2th frame!
python f2b.py -fmt f -yin /home/oyabushun/data/piano_data/RWC_piano_data_all_m/sm3-mist-R1.dat -yout tmp/tmp.flt && cat tmp/tmp.flt|frame -l 168 -p 84 |window -l 168 -w 1 |lpc -l 168 -m 19 > tmp/lpc.bin && cp tmp/lpc.bin /home/oyabushun/data/piano_data/RWC_piano_data_all_LPCSE1k19l21n64w1R1_oyabu1/sm3-mist-R1-LPC.bin && python bin2txt.py -fn tmp/lpc.bin -k 20 | ../sh/LPC2M.sh > /home/oyabushun/data/piano_data/RWC_piano_data_all_LPCSE1k19l21n64w1R1_oyabu1/sm3-mist-R1-M.dat && spec -l 64 -n 19 -p tmp/lpc.bin >tmp/lpcspec.bin && python bin2txt.py -fn tmp/lpcspec.bin -k 33 > /home/oyabushun/data/piano_data/RWC_piano_data_all_LPCSE1k19l21n64w1R1_oyabu1/sm3-mist-R1-LPCSE1.dat
#/home/oyabushun/data/piano_data/RWC_piano_data_all_LPCSE1k19l21n64w1R1_oyabu1/sm3-mist-R1-LPCSE1.dat created
lpc : The coefficient matrix of the normal equation is singular at 2th frame!
python f2b.py -fmt f -yin /home/oyabushun/data/piano_data/RWC_piano_data_all_m/sm3-fano-R1.dat -yout tmp/tmp.flt && cat tmp/tmp.flt|frame -l 168 -p 84 |window -l 168 -w 1 |lpc -l 168 -m 19 > tmp/lpc.bin && cp tmp/lpc.bin /home/oyabushun/data/piano_data/RWC_piano_data_all_LPCSE1k19l21n64w1R1_oyabu1/sm3-fano-R1-LPC.bin && python bin2txt.py -fn tmp/lpc.bin -k 20 | ../sh/LPC2M.sh > /home/oyabushun/data/piano_data/RWC_piano_data_all_LPCSE1k19l21n64w1R1_oyabu1/sm3-fano-R1-M.dat && spec -l 64 -n 19 -p tmp/lpc.bin >tmp/lpcspec.bin && python bin2txt.py -fn tmp/lpcspec.bin -k 33 > /home/oyabushun/data/piano_data/RWC_piano_data_all_LPCSE1k19l21n64w1R1_oyabu1/sm3-fano-R1-LPCSE1.dat
#/home/oyabushun/data/piano_data/RWC_piano_data_all_LPCSE1k19l21n64w1R1_oyabu1/sm3-fano-R1-LPCSE1.dat created
lpc : The coefficient matrix of the normal equation is singular at 2th frame!
python f2b.py -fmt f -yin /home/oyabushun/data/piano_data/RWC_piano_data_all_m/sm3-fape-R1.dat -yout tmp/tmp.flt && cat tmp/tmp.flt|frame -l 168 -p 84 |window -l 168 -w 1 |lpc -l 168 -m 19 > tmp/lpc.bin && cp tmp/lpc.bin /home/oyabushun/data/piano_data/RWC_piano_data_all_LPCSE1k19l21n64w1R1_oyabu1/sm3-fape-R1-LPC.bin && python bin2txt.py -fn tmp/lpc.bin -k 20 | ../sh/LPC2M.sh > /home/oyabushun/data/piano_data/RWC_piano_data_all_LPCSE1k19l21n64w1R1_oyabu1/sm3-fape-R1-M.dat && spec -l 64 -n 19 -p tmp/lpc.bin >tmp/lpcspec.bin && python bin2txt.py -fn tmp/lpcspec.bin -k 33 > /home/oyabushun/data/piano_data/RWC_piano_data_all_LPCSE1k19l21n64w1R1_oyabu1/sm3-fape-R1-LPCSE1.dat
#/home/oyabushun/data/piano_data/RWC_piano_data_all_LPCSE1k19l21n64w1R1_oyabu1/sm3-fape-R1-LPCSE1.dat created
lpc : The coefficient matrix of the normal equation is singular at 2th frame!
python f2b.py -fmt f -yin /home/oyabushun/data/piano_data/RWC_piano_data_all_m/sm3-fast-R1.dat -yout tmp/tmp.flt && cat tmp/tmp.flt|frame -l 168 -p 84 |window -l 168 -w 1 |lpc -l 168 -m 19 > tmp/lpc.bin && cp tmp/lpc.bin /home/oyabushun/data/piano_data/RWC_piano_data_all_LPCSE1k19l21n64w1R1_oyabu1/sm3-fast-R1-LPC.bin && python bin2txt.py -fn tmp/lpc.bin -k 20 | ../sh/LPC2M.sh > /home/oyabushun/data/piano_data/RWC_piano_data_all_LPCSE1k19l21n64w1R1_oyabu1/sm3-fast-R1-M.dat && spec -l 64 -n 19 -p tmp/lpc.bin >tmp/lpcspec.bin && python bin2txt.py -fn tmp/lpcspec.bin -k 33 > /home/oyabushun/data/piano_data/RWC_piano_data_all_LPCSE1k19l21n64w1R1_oyabu1/sm3-fast-R1-LPCSE1.dat
#/home/oyabushun/data/piano_data/RWC_piano_data_all_LPCSE1k19l21n64w1R1_oyabu1/sm3-fast-R1-LPCSE1.dat created
lpc : The coefficient matrix of the normal equation is singular at 2th frame!
python f2b.py -fmt f -yin /home/oyabushun/data/piano_data/RWC_piano_data_all_m/sm3-sono-R1.dat -yout tmp/tmp.flt && cat tmp/tmp.flt|frame -l 168 -p 84 |window -l 168 -w 1 |lpc -l 168 -m 19 > tmp/lpc.bin && cp tmp/lpc.bin /home/oyabushun/data/piano_data/RWC_piano_data_all_LPCSE1k19l21n64w1R1_oyabu1/sm3-sono-R1-LPC.bin && python bin2txt.py -fn tmp/lpc.bin -k 20 | ../sh/LPC2M.sh > /home/oyabushun/data/piano_data/RWC_piano_data_all_LPCSE1k19l21n64w1R1_oyabu1/sm3-sono-R1-M.dat && spec -l 64 -n 19 -p tmp/lpc.bin >tmp/lpcspec.bin && python bin2txt.py -fn tmp/lpcspec.bin -k 33 > /home/oyabushun/data/piano_data/RWC_piano_data_all_LPCSE1k19l21n64w1R1_oyabu1/sm3-sono-R1-LPCSE1.dat
#/home/oyabushun/data/piano_data/RWC_piano_data_all_LPCSE1k19l21n64w1R1_oyabu1/sm3-sono-R1-LPCSE1.dat created
lpc : The coefficient matrix of the normal equation is singular at 2th frame!
python f2b.py -fmt f -yin /home/oyabushun/data/piano_data/RWC_piano_data_all_m/sm3-sope-R1.dat -yout tmp/tmp.flt && cat tmp/tmp.flt|frame -l 168 -p 84 |window -l 168 -w 1 |lpc -l 168 -m 19 > tmp/lpc.bin && cp tmp/lpc.bin /home/oyabushun/data/piano_data/RWC_piano_data_all_LPCSE1k19l21n64w1R1_oyabu1/sm3-sope-R1-LPC.bin && python bin2txt.py -fn tmp/lpc.bin -k 20 | ../sh/LPC2M.sh > /home/oyabushun/data/piano_data/RWC_piano_data_all_LPCSE1k19l21n64w1R1_oyabu1/sm3-sope-R1-M.dat && spec -l 64 -n 19 -p tmp/lpc.bin >tmp/lpcspec.bin && python bin2txt.py -fn tmp/lpcspec.bin -k 33 > /home/oyabushun/data/piano_data/RWC_piano_data_all_LPCSE1k19l21n64w1R1_oyabu1/sm3-sope-R1-LPCSE1.dat
#/home/oyabushun/data/piano_data/RWC_piano_data_all_LPCSE1k19l21n64w1R1_oyabu1/sm3-sope-R1-LPCSE1.dat created
lpc : The coefficient matrix of the normal equation is singular at 2th frame!
python f2b.py -fmt f -yin /home/oyabushun/data/piano_data/RWC_piano_data_all_m/sm3-sost-R1.dat -yout tmp/tmp.flt && cat tmp/tmp.flt|frame -l 168 -p 84 |window -l 168 -w 1 |lpc -l 168 -m 19 > tmp/lpc.bin && cp tmp/lpc.bin /home/oyabushun/data/piano_data/RWC_piano_data_all_LPCSE1k19l21n64w1R1_oyabu1/sm3-sost-R1-LPC.bin && python bin2txt.py -fn tmp/lpc.bin -k 20 | ../sh/LPC2M.sh > /home/oyabushun/data/piano_data/RWC_piano_data_all_LPCSE1k19l21n64w1R1_oyabu1/sm3-sost-R1-M.dat && spec -l 64 -n 19 -p tmp/lpc.bin >tmp/lpcspec.bin && python bin2txt.py -fn tmp/lpcspec.bin -k 33 > /home/oyabushun/data/piano_data/RWC_piano_data_all_LPCSE1k19l21n64w1R1_oyabu1/sm3-sost-R1-LPCSE1.dat
#/home/oyabushun/data/piano_data/RWC_piano_data_all_LPCSE1k19l21n64w1R1_oyabu1/sm3-sost-R1-LPCSE1.dat created
lpc : The coefficient matrix of the normal equation is singular at 2th frame!
python f2b.py -fmt f -yin /home/oyabushun/data/piano_data/RWC_piano_data_all_m/sm3-rano-R1.dat -yout tmp/tmp.flt && cat tmp/tmp.flt|frame -l 168 -p 84 |window -l 168 -w 1 |lpc -l 168 -m 19 > tmp/lpc.bin && cp tmp/lpc.bin /home/oyabushun/data/piano_data/RWC_piano_data_all_LPCSE1k19l21n64w1R1_oyabu1/sm3-rano-R1-LPC.bin && python bin2txt.py -fn tmp/lpc.bin -k 20 | ../sh/LPC2M.sh > /home/oyabushun/data/piano_data/RWC_piano_data_all_LPCSE1k19l21n64w1R1_oyabu1/sm3-rano-R1-M.dat && spec -l 64 -n 19 -p tmp/lpc.bin >tmp/lpcspec.bin && python bin2txt.py -fn tmp/lpcspec.bin -k 33 > /home/oyabushun/data/piano_data/RWC_piano_data_all_LPCSE1k19l21n64w1R1_oyabu1/sm3-rano-R1-LPCSE1.dat
#/home/oyabushun/data/piano_data/RWC_piano_data_all_LPCSE1k19l21n64w1R1_oyabu1/sm3-rano-R1-LPCSE1.dat created
lpc : The coefficient matrix of the normal equation is singular at 2th frame!
python f2b.py -fmt f -yin /home/oyabushun/data/piano_data/RWC_piano_data_all_m/sm3-rape-R1.dat -yout tmp/tmp.flt && cat tmp/tmp.flt|frame -l 168 -p 84 |window -l 168 -w 1 |lpc -l 168 -m 19 > tmp/lpc.bin && cp tmp/lpc.bin /home/oyabushun/data/piano_data/RWC_piano_data_all_LPCSE1k19l21n64w1R1_oyabu1/sm3-rape-R1-LPC.bin && python bin2txt.py -fn tmp/lpc.bin -k 20 | ../sh/LPC2M.sh > /home/oyabushun/data/piano_data/RWC_piano_data_all_LPCSE1k19l21n64w1R1_oyabu1/sm3-rape-R1-M.dat && spec -l 64 -n 19 -p tmp/lpc.bin >tmp/lpcspec.bin && python bin2txt.py -fn tmp/lpcspec.bin -k 33 > /home/oyabushun/data/piano_data/RWC_piano_data_all_LPCSE1k19l21n64w1R1_oyabu1/sm3-rape-R1-LPCSE1.dat
#/home/oyabushun/data/piano_data/RWC_piano_data_all_LPCSE1k19l21n64w1R1_oyabu1/sm3-rape-R1-LPCSE1.dat created
lpc : The coefficient matrix of the normal equation is singular at 2th frame!
python f2b.py -fmt f -yin /home/oyabushun/data/piano_data/RWC_piano_data_all_m/sm3-rast-R1.dat -yout tmp/tmp.flt && cat tmp/tmp.flt|frame -l 168 -p 84 |window -l 168 -w 1 |lpc -l 168 -m 19 > tmp/lpc.bin && cp tmp/lpc.bin /home/oyabushun/data/piano_data/RWC_piano_data_all_LPCSE1k19l21n64w1R1_oyabu1/sm3-rast-R1-LPC.bin && python bin2txt.py -fn tmp/lpc.bin -k 20 | ../sh/LPC2M.sh > /home/oyabushun/data/piano_data/RWC_piano_data_all_LPCSE1k19l21n64w1R1_oyabu1/sm3-rast-R1-M.dat && spec -l 64 -n 19 -p tmp/lpc.bin >tmp/lpcspec.bin && python bin2txt.py -fn tmp/lpcspec.bin -k 33 > /home/oyabushun/data/piano_data/RWC_piano_data_all_LPCSE1k19l21n64w1R1_oyabu1/sm3-rast-R1-LPCSE1.dat
#/home/oyabushun/data/piano_data/RWC_piano_data_all_LPCSE1k19l21n64w1R1_oyabu1/sm3-rast-R1-LPCSE1.dat created
lpc : The coefficient matrix of the normal equation is singular at 2th frame!
python f2b.py -fmt f -yin /home/oyabushun/data/piano_data/RWC_piano_data_all_m/sm3-sino-R1.dat -yout tmp/tmp.flt && cat tmp/tmp.flt|frame -l 168 -p 84 |window -l 168 -w 1 |lpc -l 168 -m 19 > tmp/lpc.bin && cp tmp/lpc.bin /home/oyabushun/data/piano_data/RWC_piano_data_all_LPCSE1k19l21n64w1R1_oyabu1/sm3-sino-R1-LPC.bin && python bin2txt.py -fn tmp/lpc.bin -k 20 | ../sh/LPC2M.sh > /home/oyabushun/data/piano_data/RWC_piano_data_all_LPCSE1k19l21n64w1R1_oyabu1/sm3-sino-R1-M.dat && spec -l 64 -n 19 -p tmp/lpc.bin >tmp/lpcspec.bin && python bin2txt.py -fn tmp/lpcspec.bin -k 33 > /home/oyabushun/data/piano_data/RWC_piano_data_all_LPCSE1k19l21n64w1R1_oyabu1/sm3-sino-R1-LPCSE1.dat
#/home/oyabushun/data/piano_data/RWC_piano_data_all_LPCSE1k19l21n64w1R1_oyabu1/sm3-sino-R1-LPCSE1.dat created
lpc : The coefficient matrix of the normal equation is singular at 2th frame!
python f2b.py -fmt f -yin /home/oyabushun/data/piano_data/RWC_piano_data_all_m/sm3-sipe-R1.dat -yout tmp/tmp.flt && cat tmp/tmp.flt|frame -l 168 -p 84 |window -l 168 -w 1 |lpc -l 168 -m 19 > tmp/lpc.bin && cp tmp/lpc.bin /home/oyabushun/data/piano_data/RWC_piano_data_all_LPCSE1k19l21n64w1R1_oyabu1/sm3-sipe-R1-LPC.bin && python bin2txt.py -fn tmp/lpc.bin -k 20 | ../sh/LPC2M.sh > /home/oyabushun/data/piano_data/RWC_piano_data_all_LPCSE1k19l21n64w1R1_oyabu1/sm3-sipe-R1-M.dat && spec -l 64 -n 19 -p tmp/lpc.bin >tmp/lpcspec.bin && python bin2txt.py -fn tmp/lpcspec.bin -k 33 > /home/oyabushun/data/piano_data/RWC_piano_data_all_LPCSE1k19l21n64w1R1_oyabu1/sm3-sipe-R1-LPCSE1.dat
#/home/oyabushun/data/piano_data/RWC_piano_data_all_LPCSE1k19l21n64w1R1_oyabu1/sm3-sipe-R1-LPCSE1.dat created
lpc : The coefficient matrix of the normal equation is singular at 2th frame!
python f2b.py -fmt f -yin /home/oyabushun/data/piano_data/RWC_piano_data_all_m/sm3-sist-R1.dat -yout tmp/tmp.flt && cat tmp/tmp.flt|frame -l 168 -p 84 |window -l 168 -w 1 |lpc -l 168 -m 19 > tmp/lpc.bin && cp tmp/lpc.bin /home/oyabushun/data/piano_data/RWC_piano_data_all_LPCSE1k19l21n64w1R1_oyabu1/sm3-sist-R1-LPC.bin && python bin2txt.py -fn tmp/lpc.bin -k 20 | ../sh/LPC2M.sh > /home/oyabushun/data/piano_data/RWC_piano_data_all_LPCSE1k19l21n64w1R1_oyabu1/sm3-sist-R1-M.dat && spec -l 64 -n 19 -p tmp/lpc.bin >tmp/lpcspec.bin && python bin2txt.py -fn tmp/lpcspec.bin -k 33 > /home/oyabushun/data/piano_data/RWC_piano_data_all_LPCSE1k19l21n64w1R1_oyabu1/sm3-sist-R1-LPCSE1.dat
#/home/oyabushun/data/piano_data/RWC_piano_data_all_LPCSE1k19l21n64w1R1_oyabu1/sm3-sist-R1-LPCSE1.dat created
lpc : The coefficient matrix of the normal equation is singular at 2th frame!
python f2b.py -fmt f -yin /home/oyabushun/data/piano_data/RWC_piano_data_all_m/sm3-dohno-R1.dat -yout tmp/tmp.flt && cat tmp/tmp.flt|frame -l 168 -p 84 |window -l 168 -w 1 |lpc -l 168 -m 19 > tmp/lpc.bin && cp tmp/lpc.bin /home/oyabushun/data/piano_data/RWC_piano_data_all_LPCSE1k19l21n64w1R1_oyabu1/sm3-dohno-R1-LPC.bin && python bin2txt.py -fn tmp/lpc.bin -k 20 | ../sh/LPC2M.sh > /home/oyabushun/data/piano_data/RWC_piano_data_all_LPCSE1k19l21n64w1R1_oyabu1/sm3-dohno-R1-M.dat && spec -l 64 -n 19 -p tmp/lpc.bin >tmp/lpcspec.bin && python bin2txt.py -fn tmp/lpcspec.bin -k 33 > /home/oyabushun/data/piano_data/RWC_piano_data_all_LPCSE1k19l21n64w1R1_oyabu1/sm3-dohno-R1-LPCSE1.dat
#/home/oyabushun/data/piano_data/RWC_piano_data_all_LPCSE1k19l21n64w1R1_oyabu1/sm3-dohno-R1-LPCSE1.dat created
lpc : The coefficient matrix of the normal equation is singular at 2th frame!
python f2b.py -fmt f -yin /home/oyabushun/data/piano_data/RWC_piano_data_all_m/sm3-dohpe-R1.dat -yout tmp/tmp.flt && cat tmp/tmp.flt|frame -l 168 -p 84 |window -l 168 -w 1 |lpc -l 168 -m 19 > tmp/lpc.bin && cp tmp/lpc.bin /home/oyabushun/data/piano_data/RWC_piano_data_all_LPCSE1k19l21n64w1R1_oyabu1/sm3-dohpe-R1-LPC.bin && python bin2txt.py -fn tmp/lpc.bin -k 20 | ../sh/LPC2M.sh > /home/oyabushun/data/piano_data/RWC_piano_data_all_LPCSE1k19l21n64w1R1_oyabu1/sm3-dohpe-R1-M.dat && spec -l 64 -n 19 -p tmp/lpc.bin >tmp/lpcspec.bin && python bin2txt.py -fn tmp/lpcspec.bin -k 33 > /home/oyabushun/data/piano_data/RWC_piano_data_all_LPCSE1k19l21n64w1R1_oyabu1/sm3-dohpe-R1-LPCSE1.dat
#/home/oyabushun/data/piano_data/RWC_piano_data_all_LPCSE1k19l21n64w1R1_oyabu1/sm3-dohpe-R1-LPCSE1.dat created
lpc : The coefficient matrix of the normal equation is singular at 2th frame!
python f2b.py -fmt f -yin /home/oyabushun/data/piano_data/RWC_piano_data_all_m/sm3-dohst-R1.dat -yout tmp/tmp.flt && cat tmp/tmp.flt|frame -l 168 -p 84 |window -l 168 -w 1 |lpc -l 168 -m 19 > tmp/lpc.bin && cp tmp/lpc.bin /home/oyabushun/data/piano_data/RWC_piano_data_all_LPCSE1k19l21n64w1R1_oyabu1/sm3-dohst-R1-LPC.bin && python bin2txt.py -fn tmp/lpc.bin -k 20 | ../sh/LPC2M.sh > /home/oyabushun/data/piano_data/RWC_piano_data_all_LPCSE1k19l21n64w1R1_oyabu1/sm3-dohst-R1-M.dat && spec -l 64 -n 19 -p tmp/lpc.bin >tmp/lpcspec.bin && python bin2txt.py -fn tmp/lpcspec.bin -k 33 > /home/oyabushun/data/piano_data/RWC_piano_data_all_LPCSE1k19l21n64w1R1_oyabu1/sm3-dohst-R1-LPCSE1.dat
#/home/oyabushun/data/piano_data/RWC_piano_data_all_LPCSE1k19l21n64w1R1_oyabu1/sm3-dohst-R1-LPCSE1.dat created
#ElapsedTime 21.784s(0:00:21.783)
